  DoodlePlayer.cpp
C:\GameEngineDevelopment\ogre-sdk-v2.1\OgreMain\Include\OgreAxisAlignedBox.h(66,17): warning C4251: 'Ogre::AxisAlignedBox::mMinimum': class 'Ogre::Vector<3,Ogre::Real>' needs to have dll-interface to be used by clients of class 'Ogre::AxisAlignedBox'
C:\GameEngineDevelopment\ogre-sdk-v2.1\OgreMain\Include\OgrePrerequisites.h(254): message : see declaration of 'Ogre::Vector<3,Ogre::Real>'
C:\GameEngineDevelopment\ogre-sdk-v2.1\OgreMain\Include\OgreAxisAlignedBox.h(67,17): warning C4251: 'Ogre::AxisAlignedBox::mMaximum': class 'Ogre::Vector<3,Ogre::Real>' needs to have dll-interface to be used by clients of class 'Ogre::AxisAlignedBox'
C:\GameEngineDevelopment\ogre-sdk-v2.1\OgreMain\Include\OgrePrerequisites.h(254): message : see declaration of 'Ogre::Vector<3,Ogre::Real>'
C:\GameEngineDevelopment\ogre-sdk-v2.1\OgreMain\Include\OgrePlane.h(65,17): warning C4251: 'Ogre::Plane::normal': class 'Ogre::Vector<3,Ogre::Real>' needs to have dll-interface to be used by clients of class 'Ogre::Plane'
C:\GameEngineDevelopment\ogre-sdk-v2.1\OgreMain\Include\OgrePrerequisites.h(254): message : see declaration of 'Ogre::Vector<3,Ogre::Real>'
C:\GameEngineDevelopment\ogre-sdk-v2.1\OgreMain\Include\OgreSphere.h(56,17): warning C4251: 'Ogre::Sphere::mCenter': class 'Ogre::Vector<3,Ogre::Real>' needs to have dll-interface to be used by clients of class 'Ogre::Sphere'
C:\GameEngineDevelopment\ogre-sdk-v2.1\OgreMain\Include\OgrePrerequisites.h(254): message : see declaration of 'Ogre::Vector<3,Ogre::Real>'
C:\GameEngineDevelopment\ogre-sdk-v2.1\OgreMain\Include\OgreBone.h(140,17): warning C4251: 'Ogre::Bone::mBindDerivedInverseScale': class 'Ogre::Vector<3,Ogre::Real>' needs to have dll-interface to be used by clients of class 'Ogre::Bone'
C:\GameEngineDevelopment\ogre-sdk-v2.1\OgreMain\Include\OgrePrerequisites.h(254): message : see declaration of 'Ogre::Vector<3,Ogre::Real>'
C:\GameEngineDevelopment\ogre-sdk-v2.1\OgreMain\Include\OgreBone.h(144,17): warning C4251: 'Ogre::Bone::mBindDerivedInversePosition': class 'Ogre::Vector<3,Ogre::Real>' needs to have dll-interface to be used by clients of class 'Ogre::Bone'
C:\GameEngineDevelopment\ogre-sdk-v2.1\OgreMain\Include\OgrePrerequisites.h(254): message : see declaration of 'Ogre::Vector<3,Ogre::Real>'
C:\GameEngineDevelopment\ogre-sdk-v2.1\OgreMain\Include\OgreRay.h(48,17): warning C4251: 'Ogre::Ray::mOrigin': class 'Ogre::Vector<3,Ogre::Real>' needs to have dll-interface to be used by clients of class 'Ogre::Ray'
C:\GameEngineDevelopment\ogre-sdk-v2.1\OgreMain\Include\OgrePrerequisites.h(254): message : see declaration of 'Ogre::Vector<3,Ogre::Real>'
C:\GameEngineDevelopment\ogre-sdk-v2.1\OgreMain\Include\OgreRay.h(49,17): warning C4251: 'Ogre::Ray::mDirection': class 'Ogre::Vector<3,Ogre::Real>' needs to have dll-interface to be used by clients of class 'Ogre::Ray'
C:\GameEngineDevelopment\ogre-sdk-v2.1\OgreMain\Include\OgrePrerequisites.h(254): message : see declaration of 'Ogre::Vector<3,Ogre::Real>'
C:\GameEngineDevelopment\ogre-sdk-v2.1\OgreMain\Include\OgreAutoParamDataSource.h(73,25): warning C4251: 'Ogre::AutoParamDataSource::mCameraPosition': class 'Ogre::Vector<4,Ogre::Real>' needs to have dll-interface to be used by clients of class 'Ogre::AutoParamDataSource'
C:\GameEngineDevelopment\ogre-sdk-v2.1\OgreMain\Include\OgrePrerequisites.h(256): message : see declaration of 'Ogre::Vector<4,Ogre::Real>'
C:\GameEngineDevelopment\ogre-sdk-v2.1\OgreMain\Include\OgreAutoParamDataSource.h(74,25): warning C4251: 'Ogre::AutoParamDataSource::mCameraPositionObjectSpace': class 'Ogre::Vector<4,Ogre::Real>' needs to have dll-interface to be used by clients of class 'Ogre::AutoParamDataSource'
C:\GameEngineDevelopment\ogre-sdk-v2.1\OgreMain\Include\OgrePrerequisites.h(256): message : see declaration of 'Ogre::Vector<4,Ogre::Real>'
C:\GameEngineDevelopment\ogre-sdk-v2.1\OgreMain\Include\OgreAutoParamDataSource.h(79,25): warning C4251: 'Ogre::AutoParamDataSource::mShadowCamDepthRanges': class 'Ogre::Vector<4,Ogre::Real>' needs to have dll-interface to be used by clients of class 'Ogre::AutoParamDataSource'
C:\GameEngineDevelopment\ogre-sdk-v2.1\OgreMain\Include\OgrePrerequisites.h(256): message : see declaration of 'Ogre::Vector<4,Ogre::Real>'
C:\GameEngineDevelopment\ogre-sdk-v2.1\OgreMain\Include\OgreAutoParamDataSource.h(84,25): warning C4251: 'Ogre::AutoParamDataSource::mLodCameraPosition': class 'Ogre::Vector<4,Ogre::Real>' needs to have dll-interface to be used by clients of class 'Ogre::AutoParamDataSource'
C:\GameEngineDevelopment\ogre-sdk-v2.1\OgreMain\Include\OgrePrerequisites.h(256): message : see declaration of 'Ogre::Vector<4,Ogre::Real>'
C:\GameEngineDevelopment\ogre-sdk-v2.1\OgreMain\Include\OgreAutoParamDataSource.h(85,25): warning C4251: 'Ogre::AutoParamDataSource::mLodCameraPositionObjectSpace': class 'Ogre::Vector<4,Ogre::Real>' needs to have dll-interface to be used by clients of class 'Ogre::AutoParamDataSource'
C:\GameEngineDevelopment\ogre-sdk-v2.1\OgreMain\Include\OgrePrerequisites.h(256): message : see declaration of 'Ogre::Vector<4,Ogre::Real>'
C:\GameEngineDevelopment\ogre-sdk-v2.1\OgreMain\Include\OgreAutoParamDataSource.h(107,17): warning C4251: 'Ogre::AutoParamDataSource::mFogParams': class 'Ogre::Vector<4,Ogre::Real>' needs to have dll-interface to be used by clients of class 'Ogre::AutoParamDataSource'
C:\GameEngineDevelopment\ogre-sdk-v2.1\OgreMain\Include\OgrePrerequisites.h(256): message : see declaration of 'Ogre::Vector<4,Ogre::Real>'
C:\GameEngineDevelopment\ogre-sdk-v2.1\OgreMain\Include\OgreAutoParamDataSource.h(108,18): warning C4251: 'Ogre::AutoParamDataSource::mPointParams': class 'Ogre::Vector<4,Ogre::Real>' needs to have dll-interface to be used by clients of class 'Ogre::AutoParamDataSource'
C:\GameEngineDevelopment\ogre-sdk-v2.1\OgreMain\Include\OgrePrerequisites.h(256): message : see declaration of 'Ogre::Vector<4,Ogre::Real>'
C:\GameEngineDevelopment\ogre-sdk-v2.1\OgreMain\Include\OgreAutoParamDataSource.h(110,25): warning C4251: 'Ogre::AutoParamDataSource::mSceneDepthRange': class 'Ogre::Vector<4,Ogre::Real>' needs to have dll-interface to be used by clients of class 'Ogre::AutoParamDataSource'
C:\GameEngineDevelopment\ogre-sdk-v2.1\OgreMain\Include\OgrePrerequisites.h(256): message : see declaration of 'Ogre::Vector<4,Ogre::Real>'
C:\GameEngineDevelopment\ogre-sdk-v2.1\OgreMain\Include\OgreAutoParamDataSource.h(118,17): warning C4251: 'Ogre::AutoParamDataSource::mCameraRelativePosition': class 'Ogre::Vector<3,Ogre::Real>' needs to have dll-interface to be used by clients of class 'Ogre::AutoParamDataSource'
C:\GameEngineDevelopment\ogre-sdk-v2.1\OgreMain\Include\OgrePrerequisites.h(254): message : see declaration of 'Ogre::Vector<3,Ogre::Real>'
C:\GameEngineDevelopment\ogre-sdk-v2.1\OgreMain\Include\OgreTextureManager.h(436,20): warning C4251: 'Ogre::TextureManager::mWarningTexture': class 'Ogre::SharedPtr<Ogre::Texture>' needs to have dll-interface to be used by clients of class 'Ogre::TextureManager'
C:\GameEngineDevelopment\ogre-sdk-v2.1\OgreMain\Include\OgrePrerequisites.h(303): message : see declaration of 'Ogre::SharedPtr<Ogre::Texture>'
C:\GameEngineDevelopment\ogre-sdk-v2.1\OgreMain\Include\OgreTextureManager.h(437,20): warning C4251: 'Ogre::TextureManager::mDefaultSampler': class 'std::shared_ptr<Ogre::Sampler>' needs to have dll-interface to be used by clients of class 'Ogre::TextureManager'
C:\GameEngineDevelopment\ogre-sdk-v2.1\OgreMain\Include\OgreTextureUnitState.h(222): message : see declaration of 'std::shared_ptr<Ogre::Sampler>'
C:\GameEngineDevelopment\ogre-sdk-v2.1\OgreMain\Include\OgreTextureManager.h(438,38): warning C4251: 'Ogre::TextureManager::mNamedSamplers': class 'std::map<Ogre::String,Ogre::SamplerPtr,std::less<Ogre::String>,std::allocator<std::pair<const Ogre::String,Ogre::SamplerPtr>>>' needs to have dll-interface to be used by clients of class 'Ogre::TextureManager'
C:\GameEngineDevelopment\ogre-sdk-v2.1\OgreMain\Include\OgreTextureManager.h(438): message : see declaration of 'std::map<Ogre::String,Ogre::SamplerPtr,std::less<Ogre::String>,std::allocator<std::pair<const Ogre::String,Ogre::SamplerPtr>>>'
C:\GameEngineDevelopment\ogre-sdk-v2.1\OgreMain\Include\OgreTimer.h(41,47): warning C4251: 'Ogre::Timer::start': class 'std::chrono::time_point<std::chrono::steady_clock,std::chrono::nanoseconds>' needs to have dll-interface to be used by clients of class 'Ogre::Timer'
C:\Program Files (x86)\Microsoft Visual Studio\2019\Community\VC\Tools\MSVC\14.29.30133\include\chrono(701): message : see declaration of 'std::chrono::time_point<std::chrono::steady_clock,std::chrono::nanoseconds>'
  Platform.cpp
C:\GameEngineDevelopment\ogre-sdk-v2.1\OgreMain\Include\OgreAxisAlignedBox.h(66,17): warning C4251: 'Ogre::AxisAlignedBox::mMinimum': class 'Ogre::Vector<3,Ogre::Real>' needs to have dll-interface to be used by clients of class 'Ogre::AxisAlignedBox'
C:\GameEngineDevelopment\ogre-sdk-v2.1\OgreMain\Include\OgrePrerequisites.h(254): message : see declaration of 'Ogre::Vector<3,Ogre::Real>'
C:\GameEngineDevelopment\ogre-sdk-v2.1\OgreMain\Include\OgreAxisAlignedBox.h(67,17): warning C4251: 'Ogre::AxisAlignedBox::mMaximum': class 'Ogre::Vector<3,Ogre::Real>' needs to have dll-interface to be used by clients of class 'Ogre::AxisAlignedBox'
C:\GameEngineDevelopment\ogre-sdk-v2.1\OgreMain\Include\OgrePrerequisites.h(254): message : see declaration of 'Ogre::Vector<3,Ogre::Real>'
C:\GameEngineDevelopment\ogre-sdk-v2.1\OgreMain\Include\OgrePlane.h(65,17): warning C4251: 'Ogre::Plane::normal': class 'Ogre::Vector<3,Ogre::Real>' needs to have dll-interface to be used by clients of class 'Ogre::Plane'
C:\GameEngineDevelopment\ogre-sdk-v2.1\OgreMain\Include\OgrePrerequisites.h(254): message : see declaration of 'Ogre::Vector<3,Ogre::Real>'
C:\GameEngineDevelopment\ogre-sdk-v2.1\OgreMain\Include\OgreSphere.h(56,17): warning C4251: 'Ogre::Sphere::mCenter': class 'Ogre::Vector<3,Ogre::Real>' needs to have dll-interface to be used by clients of class 'Ogre::Sphere'
C:\GameEngineDevelopment\ogre-sdk-v2.1\OgreMain\Include\OgrePrerequisites.h(254): message : see declaration of 'Ogre::Vector<3,Ogre::Real>'
C:\GameEngineDevelopment\ogre-sdk-v2.1\OgreMain\Include\OgreBone.h(140,17): warning C4251: 'Ogre::Bone::mBindDerivedInverseScale': class 'Ogre::Vector<3,Ogre::Real>' needs to have dll-interface to be used by clients of class 'Ogre::Bone'
C:\GameEngineDevelopment\ogre-sdk-v2.1\OgreMain\Include\OgrePrerequisites.h(254): message : see declaration of 'Ogre::Vector<3,Ogre::Real>'
C:\GameEngineDevelopment\ogre-sdk-v2.1\OgreMain\Include\OgreBone.h(144,17): warning C4251: 'Ogre::Bone::mBindDerivedInversePosition': class 'Ogre::Vector<3,Ogre::Real>' needs to have dll-interface to be used by clients of class 'Ogre::Bone'
C:\GameEngineDevelopment\ogre-sdk-v2.1\OgreMain\Include\OgrePrerequisites.h(254): message : see declaration of 'Ogre::Vector<3,Ogre::Real>'
C:\GameEngineDevelopment\ogre-sdk-v2.1\OgreMain\Include\OgreRay.h(48,17): warning C4251: 'Ogre::Ray::mOrigin': class 'Ogre::Vector<3,Ogre::Real>' needs to have dll-interface to be used by clients of class 'Ogre::Ray'
C:\GameEngineDevelopment\ogre-sdk-v2.1\OgreMain\Include\OgrePrerequisites.h(254): message : see declaration of 'Ogre::Vector<3,Ogre::Real>'
C:\GameEngineDevelopment\ogre-sdk-v2.1\OgreMain\Include\OgreRay.h(49,17): warning C4251: 'Ogre::Ray::mDirection': class 'Ogre::Vector<3,Ogre::Real>' needs to have dll-interface to be used by clients of class 'Ogre::Ray'
C:\GameEngineDevelopment\ogre-sdk-v2.1\OgreMain\Include\OgrePrerequisites.h(254): message : see declaration of 'Ogre::Vector<3,Ogre::Real>'
C:\GameEngineDevelopment\ogre-sdk-v2.1\OgreMain\Include\OgreAutoParamDataSource.h(73,25): warning C4251: 'Ogre::AutoParamDataSource::mCameraPosition': class 'Ogre::Vector<4,Ogre::Real>' needs to have dll-interface to be used by clients of class 'Ogre::AutoParamDataSource'
C:\GameEngineDevelopment\ogre-sdk-v2.1\OgreMain\Include\OgrePrerequisites.h(256): message : see declaration of 'Ogre::Vector<4,Ogre::Real>'
C:\GameEngineDevelopment\ogre-sdk-v2.1\OgreMain\Include\OgreAutoParamDataSource.h(74,25): warning C4251: 'Ogre::AutoParamDataSource::mCameraPositionObjectSpace': class 'Ogre::Vector<4,Ogre::Real>' needs to have dll-interface to be used by clients of class 'Ogre::AutoParamDataSource'
C:\GameEngineDevelopment\ogre-sdk-v2.1\OgreMain\Include\OgrePrerequisites.h(256): message : see declaration of 'Ogre::Vector<4,Ogre::Real>'
C:\GameEngineDevelopment\ogre-sdk-v2.1\OgreMain\Include\OgreAutoParamDataSource.h(79,25): warning C4251: 'Ogre::AutoParamDataSource::mShadowCamDepthRanges': class 'Ogre::Vector<4,Ogre::Real>' needs to have dll-interface to be used by clients of class 'Ogre::AutoParamDataSource'
C:\GameEngineDevelopment\ogre-sdk-v2.1\OgreMain\Include\OgrePrerequisites.h(256): message : see declaration of 'Ogre::Vector<4,Ogre::Real>'
C:\GameEngineDevelopment\ogre-sdk-v2.1\OgreMain\Include\OgreAutoParamDataSource.h(84,25): warning C4251: 'Ogre::AutoParamDataSource::mLodCameraPosition': class 'Ogre::Vector<4,Ogre::Real>' needs to have dll-interface to be used by clients of class 'Ogre::AutoParamDataSource'
C:\GameEngineDevelopment\ogre-sdk-v2.1\OgreMain\Include\OgrePrerequisites.h(256): message : see declaration of 'Ogre::Vector<4,Ogre::Real>'
C:\GameEngineDevelopment\ogre-sdk-v2.1\OgreMain\Include\OgreAutoParamDataSource.h(85,25): warning C4251: 'Ogre::AutoParamDataSource::mLodCameraPositionObjectSpace': class 'Ogre::Vector<4,Ogre::Real>' needs to have dll-interface to be used by clients of class 'Ogre::AutoParamDataSource'
C:\GameEngineDevelopment\ogre-sdk-v2.1\OgreMain\Include\OgrePrerequisites.h(256): message : see declaration of 'Ogre::Vector<4,Ogre::Real>'
C:\GameEngineDevelopment\ogre-sdk-v2.1\OgreMain\Include\OgreAutoParamDataSource.h(107,17): warning C4251: 'Ogre::AutoParamDataSource::mFogParams': class 'Ogre::Vector<4,Ogre::Real>' needs to have dll-interface to be used by clients of class 'Ogre::AutoParamDataSource'
C:\GameEngineDevelopment\ogre-sdk-v2.1\OgreMain\Include\OgrePrerequisites.h(256): message : see declaration of 'Ogre::Vector<4,Ogre::Real>'
C:\GameEngineDevelopment\ogre-sdk-v2.1\OgreMain\Include\OgreAutoParamDataSource.h(108,18): warning C4251: 'Ogre::AutoParamDataSource::mPointParams': class 'Ogre::Vector<4,Ogre::Real>' needs to have dll-interface to be used by clients of class 'Ogre::AutoParamDataSource'
C:\GameEngineDevelopment\ogre-sdk-v2.1\OgreMain\Include\OgrePrerequisites.h(256): message : see declaration of 'Ogre::Vector<4,Ogre::Real>'
C:\GameEngineDevelopment\ogre-sdk-v2.1\OgreMain\Include\OgreAutoParamDataSource.h(110,25): warning C4251: 'Ogre::AutoParamDataSource::mSceneDepthRange': class 'Ogre::Vector<4,Ogre::Real>' needs to have dll-interface to be used by clients of class 'Ogre::AutoParamDataSource'
C:\GameEngineDevelopment\ogre-sdk-v2.1\OgreMain\Include\OgrePrerequisites.h(256): message : see declaration of 'Ogre::Vector<4,Ogre::Real>'
C:\GameEngineDevelopment\ogre-sdk-v2.1\OgreMain\Include\OgreAutoParamDataSource.h(118,17): warning C4251: 'Ogre::AutoParamDataSource::mCameraRelativePosition': class 'Ogre::Vector<3,Ogre::Real>' needs to have dll-interface to be used by clients of class 'Ogre::AutoParamDataSource'
C:\GameEngineDevelopment\ogre-sdk-v2.1\OgreMain\Include\OgrePrerequisites.h(254): message : see declaration of 'Ogre::Vector<3,Ogre::Real>'
C:\GameEngineDevelopment\ogre-sdk-v2.1\OgreMain\Include\OgreTextureManager.h(436,20): warning C4251: 'Ogre::TextureManager::mWarningTexture': class 'Ogre::SharedPtr<Ogre::Texture>' needs to have dll-interface to be used by clients of class 'Ogre::TextureManager'
C:\GameEngineDevelopment\ogre-sdk-v2.1\OgreMain\Include\OgrePrerequisites.h(303): message : see declaration of 'Ogre::SharedPtr<Ogre::Texture>'
C:\GameEngineDevelopment\ogre-sdk-v2.1\OgreMain\Include\OgreTextureManager.h(437,20): warning C4251: 'Ogre::TextureManager::mDefaultSampler': class 'std::shared_ptr<Ogre::Sampler>' needs to have dll-interface to be used by clients of class 'Ogre::TextureManager'
C:\GameEngineDevelopment\ogre-sdk-v2.1\OgreMain\Include\OgreTextureUnitState.h(222): message : see declaration of 'std::shared_ptr<Ogre::Sampler>'
C:\GameEngineDevelopment\ogre-sdk-v2.1\OgreMain\Include\OgreTextureManager.h(438,38): warning C4251: 'Ogre::TextureManager::mNamedSamplers': class 'std::map<Ogre::String,Ogre::SamplerPtr,std::less<Ogre::String>,std::allocator<std::pair<const Ogre::String,Ogre::SamplerPtr>>>' needs to have dll-interface to be used by clients of class 'Ogre::TextureManager'
C:\GameEngineDevelopment\ogre-sdk-v2.1\OgreMain\Include\OgreTextureManager.h(438): message : see declaration of 'std::map<Ogre::String,Ogre::SamplerPtr,std::less<Ogre::String>,std::allocator<std::pair<const Ogre::String,Ogre::SamplerPtr>>>'
C:\GameEngineDevelopment\ogre-sdk-v2.1\OgreMain\Include\OgreTimer.h(41,47): warning C4251: 'Ogre::Timer::start': class 'std::chrono::time_point<std::chrono::steady_clock,std::chrono::nanoseconds>' needs to have dll-interface to be used by clients of class 'Ogre::Timer'
C:\Program Files (x86)\Microsoft Visual Studio\2019\Community\VC\Tools\MSVC\14.29.30133\include\chrono(701): message : see declaration of 'std::chrono::time_point<std::chrono::steady_clock,std::chrono::nanoseconds>'
  UIManager.cpp
C:\GameEngineDevelopment\ogre-sdk-v2.1\OgreMain\Include\OgreVector.h(120,30): warning C4251: 'Ogre::VectorBase<2,Ogre::Real>::ZERO': class 'Ogre::Vector<2,Ogre::Real>' needs to have dll-interface to be used by clients of struct 'Ogre::VectorBase<2,Ogre::Real>'
C:\GameEngineDevelopment\ogre-sdk-v2.1\OgreMain\Include\OgrePrerequisites.h(252): message : see declaration of 'Ogre::Vector<2,Ogre::Real>'
C:\GameEngineDevelopment\ogre-sdk-v2.1\OgreMain\Include\OgreVector.h(121,30): warning C4251: 'Ogre::VectorBase<2,Ogre::Real>::UNIT_X': class 'Ogre::Vector<2,Ogre::Real>' needs to have dll-interface to be used by clients of struct 'Ogre::VectorBase<2,Ogre::Real>'
C:\GameEngineDevelopment\ogre-sdk-v2.1\OgreMain\Include\OgrePrerequisites.h(252): message : see declaration of 'Ogre::Vector<2,Ogre::Real>'
C:\GameEngineDevelopment\ogre-sdk-v2.1\OgreMain\Include\OgreVector.h(122,30): warning C4251: 'Ogre::VectorBase<2,Ogre::Real>::UNIT_Y': class 'Ogre::Vector<2,Ogre::Real>' needs to have dll-interface to be used by clients of struct 'Ogre::VectorBase<2,Ogre::Real>'
C:\GameEngineDevelopment\ogre-sdk-v2.1\OgreMain\Include\OgrePrerequisites.h(252): message : see declaration of 'Ogre::Vector<2,Ogre::Real>'
C:\GameEngineDevelopment\ogre-sdk-v2.1\OgreMain\Include\OgreVector.h(123,30): warning C4251: 'Ogre::VectorBase<2,Ogre::Real>::NEGATIVE_UNIT_X': class 'Ogre::Vector<2,Ogre::Real>' needs to have dll-interface to be used by clients of struct 'Ogre::VectorBase<2,Ogre::Real>'
C:\GameEngineDevelopment\ogre-sdk-v2.1\OgreMain\Include\OgrePrerequisites.h(252): message : see declaration of 'Ogre::Vector<2,Ogre::Real>'
C:\GameEngineDevelopment\ogre-sdk-v2.1\OgreMain\Include\OgreVector.h(124,30): warning C4251: 'Ogre::VectorBase<2,Ogre::Real>::NEGATIVE_UNIT_Y': class 'Ogre::Vector<2,Ogre::Real>' needs to have dll-interface to be used by clients of struct 'Ogre::VectorBase<2,Ogre::Real>'
C:\GameEngineDevelopment\ogre-sdk-v2.1\OgreMain\Include\OgrePrerequisites.h(252): message : see declaration of 'Ogre::Vector<2,Ogre::Real>'
C:\GameEngineDevelopment\ogre-sdk-v2.1\OgreMain\Include\OgreVector.h(125,30): warning C4251: 'Ogre::VectorBase<2,Ogre::Real>::UNIT_SCALE': class 'Ogre::Vector<2,Ogre::Real>' needs to have dll-interface to be used by clients of struct 'Ogre::VectorBase<2,Ogre::Real>'
C:\GameEngineDevelopment\ogre-sdk-v2.1\OgreMain\Include\OgrePrerequisites.h(252): message : see declaration of 'Ogre::Vector<2,Ogre::Real>'
C:\GameEngineDevelopment\ogre-sdk-v2.1\OgreMain\Include\OgreVector.h(256,30): warning C4251: 'Ogre::VectorBase<3,Ogre::Real>::ZERO': class 'Ogre::Vector<3,Ogre::Real>' needs to have dll-interface to be used by clients of struct 'Ogre::VectorBase<3,Ogre::Real>'
C:\GameEngineDevelopment\ogre-sdk-v2.1\OgreMain\Include\OgrePrerequisites.h(254): message : see declaration of 'Ogre::Vector<3,Ogre::Real>'
C:\GameEngineDevelopment\ogre-sdk-v2.1\OgreMain\Include\OgreVector.h(257,30): warning C4251: 'Ogre::VectorBase<3,Ogre::Real>::UNIT_X': class 'Ogre::Vector<3,Ogre::Real>' needs to have dll-interface to be used by clients of struct 'Ogre::VectorBase<3,Ogre::Real>'
C:\GameEngineDevelopment\ogre-sdk-v2.1\OgreMain\Include\OgrePrerequisites.h(254): message : see declaration of 'Ogre::Vector<3,Ogre::Real>'
C:\GameEngineDevelopment\ogre-sdk-v2.1\OgreMain\Include\OgreVector.h(258,30): warning C4251: 'Ogre::VectorBase<3,Ogre::Real>::UNIT_Y': class 'Ogre::Vector<3,Ogre::Real>' needs to have dll-interface to be used by clients of struct 'Ogre::VectorBase<3,Ogre::Real>'
C:\GameEngineDevelopment\ogre-sdk-v2.1\OgreMain\Include\OgrePrerequisites.h(254): message : see declaration of 'Ogre::Vector<3,Ogre::Real>'
C:\GameEngineDevelopment\ogre-sdk-v2.1\OgreMain\Include\OgreVector.h(259,30): warning C4251: 'Ogre::VectorBase<3,Ogre::Real>::UNIT_Z': class 'Ogre::Vector<3,Ogre::Real>' needs to have dll-interface to be used by clients of struct 'Ogre::VectorBase<3,Ogre::Real>'
C:\GameEngineDevelopment\ogre-sdk-v2.1\OgreMain\Include\OgrePrerequisites.h(254): message : see declaration of 'Ogre::Vector<3,Ogre::Real>'
C:\GameEngineDevelopment\ogre-sdk-v2.1\OgreMain\Include\OgreVector.h(260,30): warning C4251: 'Ogre::VectorBase<3,Ogre::Real>::NEGATIVE_UNIT_X': class 'Ogre::Vector<3,Ogre::Real>' needs to have dll-interface to be used by clients of struct 'Ogre::VectorBase<3,Ogre::Real>'
C:\GameEngineDevelopment\ogre-sdk-v2.1\OgreMain\Include\OgrePrerequisites.h(254): message : see declaration of 'Ogre::Vector<3,Ogre::Real>'
C:\GameEngineDevelopment\ogre-sdk-v2.1\OgreMain\Include\OgreVector.h(261,30): warning C4251: 'Ogre::VectorBase<3,Ogre::Real>::NEGATIVE_UNIT_Y': class 'Ogre::Vector<3,Ogre::Real>' needs to have dll-interface to be used by clients of struct 'Ogre::VectorBase<3,Ogre::Real>'
C:\GameEngineDevelopment\ogre-sdk-v2.1\OgreMain\Include\OgrePrerequisites.h(254): message : see declaration of 'Ogre::Vector<3,Ogre::Real>'
C:\GameEngineDevelopment\ogre-sdk-v2.1\OgreMain\Include\OgreVector.h(262,30): warning C4251: 'Ogre::VectorBase<3,Ogre::Real>::NEGATIVE_UNIT_Z': class 'Ogre::Vector<3,Ogre::Real>' needs to have dll-interface to be used by clients of struct 'Ogre::VectorBase<3,Ogre::Real>'
C:\GameEngineDevelopment\ogre-sdk-v2.1\OgreMain\Include\OgrePrerequisites.h(254): message : see declaration of 'Ogre::Vector<3,Ogre::Real>'
C:\GameEngineDevelopment\ogre-sdk-v2.1\OgreMain\Include\OgreVector.h(263,30): warning C4251: 'Ogre::VectorBase<3,Ogre::Real>::UNIT_SCALE': class 'Ogre::Vector<3,Ogre::Real>' needs to have dll-interface to be used by clients of struct 'Ogre::VectorBase<3,Ogre::Real>'
C:\GameEngineDevelopment\ogre-sdk-v2.1\OgreMain\Include\OgrePrerequisites.h(254): message : see declaration of 'Ogre::Vector<3,Ogre::Real>'
C:\GameEngineDevelopment\ogre-sdk-v2.1\OgreMain\Include\OgreVector.h(293,30): warning C4251: 'Ogre::VectorBase<4,Ogre::Real>::ZERO': class 'Ogre::Vector<4,Ogre::Real>' needs to have dll-interface to be used by clients of struct 'Ogre::VectorBase<4,Ogre::Real>'
C:\GameEngineDevelopment\ogre-sdk-v2.1\OgreMain\Include\OgrePrerequisites.h(256): message : see declaration of 'Ogre::Vector<4,Ogre::Real>'
C:\GameEngineDevelopment\ogre-sdk-v2.1\OgreMain\Include\OgreAxisAlignedBox.h(66,17): warning C4251: 'Ogre::AxisAlignedBox::mMinimum': class 'Ogre::Vector<3,Ogre::Real>' needs to have dll-interface to be used by clients of class 'Ogre::AxisAlignedBox'
C:\GameEngineDevelopment\ogre-sdk-v2.1\OgreMain\Include\OgrePrerequisites.h(254): message : see declaration of 'Ogre::Vector<3,Ogre::Real>'
C:\GameEngineDevelopment\ogre-sdk-v2.1\OgreMain\Include\OgreAxisAlignedBox.h(67,17): warning C4251: 'Ogre::AxisAlignedBox::mMaximum': class 'Ogre::Vector<3,Ogre::Real>' needs to have dll-interface to be used by clients of class 'Ogre::AxisAlignedBox'
C:\GameEngineDevelopment\ogre-sdk-v2.1\OgreMain\Include\OgrePrerequisites.h(254): message : see declaration of 'Ogre::Vector<3,Ogre::Real>'
C:\GameEngineDevelopment\ogre-sdk-v2.1\OgreMain\Include\OgrePlane.h(65,17): warning C4251: 'Ogre::Plane::normal': class 'Ogre::Vector<3,Ogre::Real>' needs to have dll-interface to be used by clients of class 'Ogre::Plane'
C:\GameEngineDevelopment\ogre-sdk-v2.1\OgreMain\Include\OgrePrerequisites.h(254): message : see declaration of 'Ogre::Vector<3,Ogre::Real>'
C:\GameEngineDevelopment\ogre-sdk-v2.1\OgreMain\Include\OgreSphere.h(56,17): warning C4251: 'Ogre::Sphere::mCenter': class 'Ogre::Vector<3,Ogre::Real>' needs to have dll-interface to be used by clients of class 'Ogre::Sphere'
C:\GameEngineDevelopment\ogre-sdk-v2.1\OgreMain\Include\OgrePrerequisites.h(254): message : see declaration of 'Ogre::Vector<3,Ogre::Real>'
C:\GameEngineDevelopment\ogre-sdk-v2.1\OgreMain\Include\OgreHardwareBuffer.h(180,45): warning C4251: 'Ogre::HardwareBuffer::mShadowBuffer': class 'std::unique_ptr<Ogre::HardwareBuffer,std::default_delete<Ogre::HardwareBuffer>>' needs to have dll-interface to be used by clients of class 'Ogre::HardwareBuffer'
C:\GameEngineDevelopment\ogre-sdk-v2.1\OgreMain\Include\OgreHardwareBuffer.h(180): message : see declaration of 'std::unique_ptr<Ogre::HardwareBuffer,std::default_delete<Ogre::HardwareBuffer>>'
C:\GameEngineDevelopment\ogre-sdk-v2.1\Components\Overlay\Include\OgreOverlay.h(78,16): warning C4251: 'Ogre::Overlay::mName': class 'std::basic_string<char,std::char_traits<char>,std::allocator<char>>' needs to have dll-interface to be used by clients of class 'Ogre::Overlay'
C:\Program Files (x86)\Microsoft Visual Studio\2019\Community\VC\Tools\MSVC\14.29.30133\include\xstring(4905): message : see declaration of 'std::basic_string<char,std::char_traits<char>,std::allocator<char>>'
C:\GameEngineDevelopment\ogre-sdk-v2.1\Components\Overlay\Include\OgreOverlay.h(84,30): warning C4251: 'Ogre::Overlay::m2DElements': class 'std::list<Ogre::OverlayContainer *,std::allocator<Ogre::OverlayContainer *>>' needs to have dll-interface to be used by clients of class 'Ogre::Overlay'
C:\GameEngineDevelopment\ogre-sdk-v2.1\Components\Overlay\Include\OgreOverlay.h(76): message : see declaration of 'std::list<Ogre::OverlayContainer *,std::allocator<Ogre::OverlayContainer *>>'
C:\GameEngineDevelopment\ogre-sdk-v2.1\Components\Overlay\Include\OgreOverlay.h(87,16): warning C4251: 'Ogre::Overlay::mRotate': class 'Ogre::Radian' needs to have dll-interface to be used by clients of class 'Ogre::Overlay'
C:\GameEngineDevelopment\ogre-sdk-v2.1\OgreMain\Include\OgreMath.h(57): message : see declaration of 'Ogre::Radian'
C:\GameEngineDevelopment\ogre-sdk-v2.1\Components\Overlay\Include\OgreOverlay.h(101,16): warning C4251: 'Ogre::Overlay::mOrigin': class 'std::basic_string<char,std::char_traits<char>,std::allocator<char>>' needs to have dll-interface to be used by clients of class 'Ogre::Overlay'
C:\Program Files (x86)\Microsoft Visual Studio\2019\Community\VC\Tools\MSVC\14.29.30133\include\xstring(4905): message : see declaration of 'std::basic_string<char,std::char_traits<char>,std::allocator<char>>'
C:\GameEngineDevelopment\ogre-sdk-v2.1\Components\Overlay\Include\OgreOverlayProfileSessionListener.h(112,24): warning C4251: 'Ogre::OverlayProfileSessionListener::mProfileBars': class 'std::list<Ogre::OverlayElement *,std::allocator<Ogre::OverlayElement *>>' needs to have dll-interface to be used by clients of class 'Ogre::OverlayProfileSessionListener'
C:\GameEngineDevelopment\ogre-sdk-v2.1\Components\Overlay\Include\OgreOverlayProfileSessionListener.h(94): message : see declaration of 'std::list<Ogre::OverlayElement *,std::allocator<Ogre::OverlayElement *>>'
C:\GameEngineDevelopment\ogre-sdk-v2.1\Components\Overlay\Include\OgreOverlayManager.h(62,20): warning C4251: 'Ogre::OverlayManager::mOverlayMap': class 'std::map<Ogre::String,Ogre::Overlay *,std::less<Ogre::String>,std::allocator<std::pair<const Ogre::String,Ogre::Overlay *>>>' needs to have dll-interface to be used by clients of class 'Ogre::OverlayManager'
C:\GameEngineDevelopment\ogre-sdk-v2.1\Components\Overlay\Include\OgreOverlayManager.h(58): message : see declaration of 'std::map<Ogre::String,Ogre::Overlay *,std::less<Ogre::String>,std::allocator<std::pair<const Ogre::String,Ogre::Overlay *>>>'
C:\GameEngineDevelopment\ogre-sdk-v2.1\Components\Overlay\Include\OgreOverlayManager.h(63,22): warning C4251: 'Ogre::OverlayManager::mScriptPatterns': class 'std::vector<Ogre::String,std::allocator<Ogre::String>>' needs to have dll-interface to be used by clients of class 'Ogre::OverlayManager'
C:\GameEngineDevelopment\ogre-sdk-v2.1\OgreMain\Include\OgreString.h(107): message : see declaration of 'std::vector<Ogre::String,std::allocator<Ogre::String>>'
C:\GameEngineDevelopment\ogre-sdk-v2.1\Components\Overlay\Include\OgreOverlayManager.h(71,20): warning C4251: 'Ogre::OverlayManager::mFactories': class 'std::map<Ogre::String,Ogre::OverlayElementFactory *,std::less<Ogre::String>,std::allocator<std::pair<const Ogre::String,Ogre::OverlayElementFactory *>>>' needs to have dll-interface to be used by clients of class 'Ogre::OverlayManager'
C:\GameEngineDevelopment\ogre-sdk-v2.1\Components\Overlay\Include\OgreOverlayManager.h(60): message : see declaration of 'std::map<Ogre::String,Ogre::OverlayElementFactory *,std::less<Ogre::String>,std::allocator<std::pair<const Ogre::String,Ogre::OverlayElementFactory *>>>'
C:\GameEngineDevelopment\ogre-sdk-v2.1\Components\Overlay\Include\OgreOverlayManager.h(73,20): warning C4251: 'Ogre::OverlayManager::mInstances': class 'std::map<Ogre::String,Ogre::OverlayElement *,std::less<Ogre::String>,std::allocator<std::pair<const Ogre::String,Ogre::OverlayElement *>>>' needs to have dll-interface to be used by clients of class 'Ogre::OverlayManager'
C:\GameEngineDevelopment\ogre-sdk-v2.1\Components\Overlay\Include\OgreOverlayManager.h(59): message : see declaration of 'std::map<Ogre::String,Ogre::OverlayElement *,std::less<Ogre::String>,std::allocator<std::pair<const Ogre::String,Ogre::OverlayElement *>>>'
C:\GameEngineDevelopment\ogre-sdk-v2.1\Components\Overlay\Include\OgreOverlayManager.h(74,20): warning C4251: 'Ogre::OverlayManager::mTemplates': class 'std::map<Ogre::String,Ogre::OverlayElement *,std::less<Ogre::String>,std::allocator<std::pair<const Ogre::String,Ogre::OverlayElement *>>>' needs to have dll-interface to be used by clients of class 'Ogre::OverlayManager'
C:\GameEngineDevelopment\ogre-sdk-v2.1\Components\Overlay\Include\OgreOverlayManager.h(59): message : see declaration of 'std::map<Ogre::String,Ogre::OverlayElement *,std::less<Ogre::String>,std::allocator<std::pair<const Ogre::String,Ogre::OverlayElement *>>>'
C:\GameEngineDevelopment\ogre-sdk-v2.1\Components\Overlay\Include\OgreOverlayManager.h(76,50): warning C4251: 'Ogre::OverlayManager::mTranslatorManager': class 'std::unique_ptr<Ogre::ScriptTranslatorManager,std::default_delete<Ogre::ScriptTranslatorManager>>' needs to have dll-interface to be used by clients of class 'Ogre::OverlayManager'
C:\GameEngineDevelopment\ogre-sdk-v2.1\Components\Overlay\Include\OgreOverlayManager.h(76): message : see declaration of 'std::unique_ptr<Ogre::ScriptTranslatorManager,std::default_delete<Ogre::ScriptTranslatorManager>>'
C:\GameEngineDevelopment\ogre-sdk-v2.1\Components\Overlay\Include\OgreUTFString.h(202,70): warning C4275: non dll-interface class 'std::runtime_error' used as base for dll-interface class 'Ogre::UTFString::invalid_data'
C:\Program Files (x86)\Microsoft Visual Studio\2019\Community\VC\Tools\MSVC\14.29.30133\include\stdexcept(107): message : see declaration of 'std::runtime_error'
C:\GameEngineDevelopment\ogre-sdk-v2.1\Components\Overlay\Include\OgreUTFString.h(202): message : see declaration of 'Ogre::UTFString::invalid_data'
C:\GameEngineDevelopment\ogre-sdk-v2.1\Components\Overlay\Include\OgreUTFString.h(231,31): warning C4251: 'Ogre::UTFString::_base_iterator::mIter': class 'std::_String_iterator<std::_String_val<std::_Simple_types<_Elem>>>' needs to have dll-interface to be used by clients of class 'Ogre::UTFString::_base_iterator'
          with
          [
              _Elem=Ogre::UTFString::code_point
          ]
C:\Program Files (x86)\Microsoft Visual Studio\2019\Community\VC\Tools\MSVC\14.29.30133\include\xstring(2413): message : see declaration of 'std::_String_iterator<std::_String_val<std::_Simple_types<_Elem>>>'
          with
          [
              _Elem=Ogre::UTFString::code_point
          ]
C:\GameEngineDevelopment\ogre-sdk-v2.1\Components\Overlay\Include\OgreUTFString.h(956,17): warning C4251: 'Ogre::UTFString::mData': class 'std::basic_string<Ogre::UTFString::code_point,std::char_traits<unsigned short>,std::allocator<Ogre::UTFString::code_point>>' needs to have dll-interface to be used by clients of class 'Ogre::UTFString'
C:\GameEngineDevelopment\ogre-sdk-v2.1\Components\Overlay\Include\OgreUTFString.h(196): message : see declaration of 'std::basic_string<Ogre::UTFString::code_point,std::char_traits<unsigned short>,std::allocator<Ogre::UTFString::code_point>>'
C:\GameEngineDevelopment\ogre-sdk-v2.1\Components\Overlay\Include\OgreOverlayElement.h(108,16): warning C4251: 'Ogre::OverlayElement::mName': class 'std::basic_string<char,std::char_traits<char>,std::allocator<char>>' needs to have dll-interface to be used by clients of class 'Ogre::OverlayElement'
C:\Program Files (x86)\Microsoft Visual Studio\2019\Community\VC\Tools\MSVC\14.29.30133\include\xstring(4905): message : see declaration of 'std::basic_string<char,std::char_traits<char>,std::allocator<char>>'
C:\GameEngineDevelopment\ogre-sdk-v2.1\Components\Overlay\Include\OgreOverlayElement.h(115,21): warning C4251: 'Ogre::OverlayElement::mMaterial': class 'Ogre::SharedPtr<Ogre::Material>' needs to have dll-interface to be used by clients of class 'Ogre::OverlayElement'
C:\GameEngineDevelopment\ogre-sdk-v2.1\OgreMain\Include\OgrePrerequisites.h(295): message : see declaration of 'Ogre::SharedPtr<Ogre::Material>'
C:\GameEngineDevelopment\ogre-sdk-v2.1\Components\Overlay\Include\OgreOverlayElement.h(118,18): warning C4251: 'Ogre::OverlayElement::mClippingRegion': struct 'Ogre::TRect<float>' needs to have dll-interface to be used by clients of class 'Ogre::OverlayElement'
C:\GameEngineDevelopment\ogre-sdk-v2.1\OgreMain\Include\OgreCommon.h(684): message : see declaration of 'Ogre::TRect<float>'
C:\GameEngineDevelopment\ogre-sdk-v2.1\Components\Overlay\Include\OgreOverlayContainer.h(65,18): warning C4251: 'Ogre::OverlayContainer::mChildren': class 'std::map<Ogre::String,Ogre::OverlayElement *,std::less<Ogre::String>,std::allocator<std::pair<const Ogre::String,Ogre::OverlayElement *>>>' needs to have dll-interface to be used by clients of class 'Ogre::OverlayContainer'
C:\GameEngineDevelopment\ogre-sdk-v2.1\Components\Overlay\Include\OgreOverlayManager.h(59): message : see declaration of 'std::map<Ogre::String,Ogre::OverlayElement *,std::less<Ogre::String>,std::allocator<std::pair<const Ogre::String,Ogre::OverlayElement *>>>'
C:\GameEngineDevelopment\ogre-sdk-v2.1\Components\Overlay\Include\OgreOverlayContainer.h(67,27): warning C4251: 'Ogre::OverlayContainer::mChildContainers': class 'std::map<Ogre::String,Ogre::OverlayContainer *,std::less<Ogre::String>,std::allocator<std::pair<const Ogre::String,Ogre::OverlayContainer *>>>' needs to have dll-interface to be used by clients of class 'Ogre::OverlayContainer'
C:\GameEngineDevelopment\ogre-sdk-v2.1\Components\Overlay\Include\OgreOverlayContainer.h(61): message : see declaration of 'std::map<Ogre::String,Ogre::OverlayContainer *,std::less<Ogre::String>,std::allocator<std::pair<const Ogre::String,Ogre::OverlayContainer *>>>'
C:\GameEngineDevelopment\ogre-sdk-v2.1\Components\Overlay\Include\OgrePanelOverlayElement.h(151,23): warning C4251: 'Ogre::PanelOverlayElement::msTypeName': class 'std::basic_string<char,std::char_traits<char>,std::allocator<char>>' needs to have dll-interface to be used by clients of class 'Ogre::PanelOverlayElement'
C:\Program Files (x86)\Microsoft Visual Studio\2019\Community\VC\Tools\MSVC\14.29.30133\include\xstring(4905): message : see declaration of 'std::basic_string<char,std::char_traits<char>,std::allocator<char>>'
C:\GameEngineDevelopment\ogre-sdk-v2.1\Components\Overlay\Include\OgrePanelOverlayElement.h(154,26): warning C4251: 'Ogre::PanelOverlayElement::msCmdTiling': class 'Ogre::PanelOverlayElement::CmdTiling' needs to have dll-interface to be used by clients of class 'Ogre::PanelOverlayElement'
C:\GameEngineDevelopment\ogre-sdk-v2.1\Components\Overlay\Include\OgrePanelOverlayElement.h(111): message : see declaration of 'Ogre::PanelOverlayElement::CmdTiling'
C:\GameEngineDevelopment\ogre-sdk-v2.1\Components\Overlay\Include\OgrePanelOverlayElement.h(155,31): warning C4251: 'Ogre::PanelOverlayElement::msCmdTransparent': class 'Ogre::PanelOverlayElement::CmdTransparent' needs to have dll-interface to be used by clients of class 'Ogre::PanelOverlayElement'
C:\GameEngineDevelopment\ogre-sdk-v2.1\Components\Overlay\Include\OgrePanelOverlayElement.h(118): message : see declaration of 'Ogre::PanelOverlayElement::CmdTransparent'
C:\GameEngineDevelopment\ogre-sdk-v2.1\Components\Overlay\Include\OgrePanelOverlayElement.h(156,28): warning C4251: 'Ogre::PanelOverlayElement::msCmdUVCoords': class 'Ogre::PanelOverlayElement::CmdUVCoords' needs to have dll-interface to be used by clients of class 'Ogre::PanelOverlayElement'
C:\GameEngineDevelopment\ogre-sdk-v2.1\Components\Overlay\Include\OgrePanelOverlayElement.h(125): message : see declaration of 'Ogre::PanelOverlayElement::CmdUVCoords'
C:\GameEngineDevelopment\ogre-sdk-v2.1\Components\Overlay\Include\OgreBorderPanelOverlayElement.h(278,21): warning C4251: 'Ogre::BorderPanelOverlayElement::mBorderMaterial': class 'Ogre::SharedPtr<Ogre::Material>' needs to have dll-interface to be used by clients of class 'Ogre::BorderPanelOverlayElement'
C:\GameEngineDevelopment\ogre-sdk-v2.1\OgreMain\Include\OgrePrerequisites.h(295): message : see declaration of 'Ogre::SharedPtr<Ogre::Material>'
C:\GameEngineDevelopment\ogre-sdk-v2.1\Components\Overlay\Include\OgreBorderPanelOverlayElement.h(283,23): warning C4251: 'Ogre::BorderPanelOverlayElement::msTypeName': class 'std::basic_string<char,std::char_traits<char>,std::allocator<char>>' needs to have dll-interface to be used by clients of class 'Ogre::BorderPanelOverlayElement'
C:\Program Files (x86)\Microsoft Visual Studio\2019\Community\VC\Tools\MSVC\14.29.30133\include\xstring(4905): message : see declaration of 'std::basic_string<char,std::char_traits<char>,std::allocator<char>>'
C:\GameEngineDevelopment\ogre-sdk-v2.1\Components\Overlay\Include\OgreBorderPanelOverlayElement.h(305,30): warning C4251: 'Ogre::BorderPanelOverlayElement::msCmdBorderSize': class 'Ogre::BorderPanelOverlayElement::CmdBorderSize' needs to have dll-interface to be used by clients of class 'Ogre::BorderPanelOverlayElement'
C:\GameEngineDevelopment\ogre-sdk-v2.1\Components\Overlay\Include\OgreBorderPanelOverlayElement.h(194): message : see declaration of 'Ogre::BorderPanelOverlayElement::CmdBorderSize'
C:\GameEngineDevelopment\ogre-sdk-v2.1\Components\Overlay\Include\OgreBorderPanelOverlayElement.h(306,34): warning C4251: 'Ogre::BorderPanelOverlayElement::msCmdBorderMaterial': class 'Ogre::BorderPanelOverlayElement::CmdBorderMaterial' needs to have dll-interface to be used by clients of class 'Ogre::BorderPanelOverlayElement'
C:\GameEngineDevelopment\ogre-sdk-v2.1\Components\Overlay\Include\OgreBorderPanelOverlayElement.h(201): message : see declaration of 'Ogre::BorderPanelOverlayElement::CmdBorderMaterial'
C:\GameEngineDevelopment\ogre-sdk-v2.1\Components\Overlay\Include\OgreBorderPanelOverlayElement.h(307,32): warning C4251: 'Ogre::BorderPanelOverlayElement::msCmdBorderLeftUV': class 'Ogre::BorderPanelOverlayElement::CmdBorderLeftUV' needs to have dll-interface to be used by clients of class 'Ogre::BorderPanelOverlayElement'
C:\GameEngineDevelopment\ogre-sdk-v2.1\Components\Overlay\Include\OgreBorderPanelOverlayElement.h(208): message : see declaration of 'Ogre::BorderPanelOverlayElement::CmdBorderLeftUV'
C:\GameEngineDevelopment\ogre-sdk-v2.1\Components\Overlay\Include\OgreBorderPanelOverlayElement.h(308,31): warning C4251: 'Ogre::BorderPanelOverlayElement::msCmdBorderTopUV': class 'Ogre::BorderPanelOverlayElement::CmdBorderTopUV' needs to have dll-interface to be used by clients of class 'Ogre::BorderPanelOverlayElement'
C:\GameEngineDevelopment\ogre-sdk-v2.1\Components\Overlay\Include\OgreBorderPanelOverlayElement.h(215): message : see declaration of 'Ogre::BorderPanelOverlayElement::CmdBorderTopUV'
C:\GameEngineDevelopment\ogre-sdk-v2.1\Components\Overlay\Include\OgreBorderPanelOverlayElement.h(309,34): warning C4251: 'Ogre::BorderPanelOverlayElement::msCmdBorderBottomUV': class 'Ogre::BorderPanelOverlayElement::CmdBorderBottomUV' needs to have dll-interface to be used by clients of class 'Ogre::BorderPanelOverlayElement'
C:\GameEngineDevelopment\ogre-sdk-v2.1\Components\Overlay\Include\OgreBorderPanelOverlayElement.h(229): message : see declaration of 'Ogre::BorderPanelOverlayElement::CmdBorderBottomUV'
C:\GameEngineDevelopment\ogre-sdk-v2.1\Components\Overlay\Include\OgreBorderPanelOverlayElement.h(310,33): warning C4251: 'Ogre::BorderPanelOverlayElement::msCmdBorderRightUV': class 'Ogre::BorderPanelOverlayElement::CmdBorderRightUV' needs to have dll-interface to be used by clients of class 'Ogre::BorderPanelOverlayElement'
C:\GameEngineDevelopment\ogre-sdk-v2.1\Components\Overlay\Include\OgreBorderPanelOverlayElement.h(222): message : see declaration of 'Ogre::BorderPanelOverlayElement::CmdBorderRightUV'
C:\GameEngineDevelopment\ogre-sdk-v2.1\Components\Overlay\Include\OgreBorderPanelOverlayElement.h(311,35): warning C4251: 'Ogre::BorderPanelOverlayElement::msCmdBorderTopLeftUV': class 'Ogre::BorderPanelOverlayElement::CmdBorderTopLeftUV' needs to have dll-interface to be used by clients of class 'Ogre::BorderPanelOverlayElement'
C:\GameEngineDevelopment\ogre-sdk-v2.1\Components\Overlay\Include\OgreBorderPanelOverlayElement.h(236): message : see declaration of 'Ogre::BorderPanelOverlayElement::CmdBorderTopLeftUV'
C:\GameEngineDevelopment\ogre-sdk-v2.1\Components\Overlay\Include\OgreBorderPanelOverlayElement.h(312,38): warning C4251: 'Ogre::BorderPanelOverlayElement::msCmdBorderBottomLeftUV': class 'Ogre::BorderPanelOverlayElement::CmdBorderBottomLeftUV' needs to have dll-interface to be used by clients of class 'Ogre::BorderPanelOverlayElement'
C:\GameEngineDevelopment\ogre-sdk-v2.1\Components\Overlay\Include\OgreBorderPanelOverlayElement.h(243): message : see declaration of 'Ogre::BorderPanelOverlayElement::CmdBorderBottomLeftUV'
C:\GameEngineDevelopment\ogre-sdk-v2.1\Components\Overlay\Include\OgreBorderPanelOverlayElement.h(313,36): warning C4251: 'Ogre::BorderPanelOverlayElement::msCmdBorderTopRightUV': class 'Ogre::BorderPanelOverlayElement::CmdBorderTopRightUV' needs to have dll-interface to be used by clients of class 'Ogre::BorderPanelOverlayElement'
C:\GameEngineDevelopment\ogre-sdk-v2.1\Components\Overlay\Include\OgreBorderPanelOverlayElement.h(257): message : see declaration of 'Ogre::BorderPanelOverlayElement::CmdBorderTopRightUV'
C:\GameEngineDevelopment\ogre-sdk-v2.1\Components\Overlay\Include\OgreBorderPanelOverlayElement.h(314,39): warning C4251: 'Ogre::BorderPanelOverlayElement::msCmdBorderBottomRightUV': class 'Ogre::BorderPanelOverlayElement::CmdBorderBottomRightUV' needs to have dll-interface to be used by clients of class 'Ogre::BorderPanelOverlayElement'
C:\GameEngineDevelopment\ogre-sdk-v2.1\Components\Overlay\Include\OgreBorderPanelOverlayElement.h(250): message : see declaration of 'Ogre::BorderPanelOverlayElement::CmdBorderBottomRightUV'
C:\GameEngineDevelopment\ogre-sdk-v2.1\Components\Overlay\Include\OgreFont.h(123,16): warning C4251: 'Ogre::Font::mSource': class 'std::basic_string<char,std::char_traits<char>,std::allocator<char>>' needs to have dll-interface to be used by clients of class 'Ogre::Font'
C:\Program Files (x86)\Microsoft Visual Studio\2019\Community\VC\Tools\MSVC\14.29.30133\include\xstring(4905): message : see declaration of 'std::basic_string<char,std::char_traits<char>,std::allocator<char>>'
C:\GameEngineDevelopment\ogre-sdk-v2.1\Components\Overlay\Include\OgreFont.h(159,22): warning C4251: 'Ogre::Font::mCodePointMap': class 'std::map<Ogre::Font::CodePoint,Ogre::Font::GlyphInfo,std::less<Ogre::Font::CodePoint>,std::allocator<std::pair<const Ogre::Font::CodePoint,Ogre::Font::GlyphInfo>>>' needs to have dll-interface to be used by clients of class 'Ogre::Font'
C:\GameEngineDevelopment\ogre-sdk-v2.1\Components\Overlay\Include\OgreFont.h(158): message : see declaration of 'std::map<Ogre::Font::CodePoint,Ogre::Font::GlyphInfo,std::less<Ogre::Font::CodePoint>,std::allocator<std::pair<const Ogre::Font::CodePoint,Ogre::Font::GlyphInfo>>>'
C:\GameEngineDevelopment\ogre-sdk-v2.1\Components\Overlay\Include\OgreFont.h(162,21): warning C4251: 'Ogre::Font::mMaterial': class 'Ogre::SharedPtr<Ogre::Material>' needs to have dll-interface to be used by clients of class 'Ogre::Font'
C:\GameEngineDevelopment\ogre-sdk-v2.1\OgreMain\Include\OgrePrerequisites.h(295): message : see declaration of 'Ogre::SharedPtr<Ogre::Material>'
C:\GameEngineDevelopment\ogre-sdk-v2.1\Components\Overlay\Include\OgreFont.h(165,20): warning C4251: 'Ogre::Font::mTexture': class 'Ogre::SharedPtr<Ogre::Texture>' needs to have dll-interface to be used by clients of class 'Ogre::Font'
C:\GameEngineDevelopment\ogre-sdk-v2.1\OgreMain\Include\OgrePrerequisites.h(303): message : see declaration of 'Ogre::SharedPtr<Ogre::Texture>'
C:\GameEngineDevelopment\ogre-sdk-v2.1\Components\Overlay\Include\OgreFont.h(171,28): warning C4251: 'Ogre::Font::mCodePointRangeList': class 'std::vector<Ogre::Font::CodePointRange,std::allocator<Ogre::Font::CodePointRange>>' needs to have dll-interface to be used by clients of class 'Ogre::Font'
C:\GameEngineDevelopment\ogre-sdk-v2.1\Components\Overlay\Include\OgreFont.h(155): message : see declaration of 'std::vector<Ogre::Font::CodePointRange,std::allocator<Ogre::Font::CodePointRange>>'
C:\GameEngineDevelopment\ogre-sdk-v2.1\Components\Overlay\Include\OgreTextAreaOverlayElement.h(228,23): warning C4251: 'Ogre::TextAreaOverlayElement::msTypeName': class 'std::basic_string<char,std::char_traits<char>,std::allocator<char>>' needs to have dll-interface to be used by clients of class 'Ogre::TextAreaOverlayElement'
C:\Program Files (x86)\Microsoft Visual Studio\2019\Community\VC\Tools\MSVC\14.29.30133\include\xstring(4905): message : see declaration of 'std::basic_string<char,std::char_traits<char>,std::allocator<char>>'
C:\GameEngineDevelopment\ogre-sdk-v2.1\Components\Overlay\Include\OgreTextAreaOverlayElement.h(231,30): warning C4251: 'Ogre::TextAreaOverlayElement::msCmdCharHeight': class 'Ogre::TextAreaOverlayElement::CmdCharHeight' needs to have dll-interface to be used by clients of class 'Ogre::TextAreaOverlayElement'
C:\GameEngineDevelopment\ogre-sdk-v2.1\Components\Overlay\Include\OgreTextAreaOverlayElement.h(148): message : see declaration of 'Ogre::TextAreaOverlayElement::CmdCharHeight'
C:\GameEngineDevelopment\ogre-sdk-v2.1\Components\Overlay\Include\OgreTextAreaOverlayElement.h(232,30): warning C4251: 'Ogre::TextAreaOverlayElement::msCmdSpaceWidth': class 'Ogre::TextAreaOverlayElement::CmdSpaceWidth' needs to have dll-interface to be used by clients of class 'Ogre::TextAreaOverlayElement'
C:\GameEngineDevelopment\ogre-sdk-v2.1\Components\Overlay\Include\OgreTextAreaOverlayElement.h(158): message : see declaration of 'Ogre::TextAreaOverlayElement::CmdSpaceWidth'
C:\GameEngineDevelopment\ogre-sdk-v2.1\Components\Overlay\Include\OgreTextAreaOverlayElement.h(233,28): warning C4251: 'Ogre::TextAreaOverlayElement::msCmdFontName': class 'Ogre::TextAreaOverlayElement::CmdFontName' needs to have dll-interface to be used by clients of class 'Ogre::TextAreaOverlayElement'
C:\GameEngineDevelopment\ogre-sdk-v2.1\Components\Overlay\Include\OgreTextAreaOverlayElement.h(168): message : see declaration of 'Ogre::TextAreaOverlayElement::CmdFontName'
C:\GameEngineDevelopment\ogre-sdk-v2.1\Components\Overlay\Include\OgreTextAreaOverlayElement.h(234,26): warning C4251: 'Ogre::TextAreaOverlayElement::msCmdColour': class 'Ogre::TextAreaOverlayElement::CmdColour' needs to have dll-interface to be used by clients of class 'Ogre::TextAreaOverlayElement'
C:\GameEngineDevelopment\ogre-sdk-v2.1\Components\Overlay\Include\OgreTextAreaOverlayElement.h(198): message : see declaration of 'Ogre::TextAreaOverlayElement::CmdColour'
C:\GameEngineDevelopment\ogre-sdk-v2.1\Components\Overlay\Include\OgreTextAreaOverlayElement.h(235,29): warning C4251: 'Ogre::TextAreaOverlayElement::msCmdColourTop': class 'Ogre::TextAreaOverlayElement::CmdColourTop' needs to have dll-interface to be used by clients of class 'Ogre::TextAreaOverlayElement'
C:\GameEngineDevelopment\ogre-sdk-v2.1\Components\Overlay\Include\OgreTextAreaOverlayElement.h(178): message : see declaration of 'Ogre::TextAreaOverlayElement::CmdColourTop'
C:\GameEngineDevelopment\ogre-sdk-v2.1\Components\Overlay\Include\OgreTextAreaOverlayElement.h(236,32): warning C4251: 'Ogre::TextAreaOverlayElement::msCmdColourBottom': class 'Ogre::TextAreaOverlayElement::CmdColourBottom' needs to have dll-interface to be used by clients of class 'Ogre::TextAreaOverlayElement'
C:\GameEngineDevelopment\ogre-sdk-v2.1\Components\Overlay\Include\OgreTextAreaOverlayElement.h(188): message : see declaration of 'Ogre::TextAreaOverlayElement::CmdColourBottom'
C:\GameEngineDevelopment\ogre-sdk-v2.1\Components\Overlay\Include\OgreTextAreaOverlayElement.h(237,29): warning C4251: 'Ogre::TextAreaOverlayElement::msCmdAlignment': class 'Ogre::TextAreaOverlayElement::CmdAlignment' needs to have dll-interface to be used by clients of class 'Ogre::TextAreaOverlayElement'
C:\GameEngineDevelopment\ogre-sdk-v2.1\Components\Overlay\Include\OgreTextAreaOverlayElement.h(208): message : see declaration of 'Ogre::TextAreaOverlayElement::CmdAlignment'
C:\GameEngineDevelopment\ogre-sdk-v2.1\Components\Overlay\Include\OgreTextAreaOverlayElement.h(240,17): warning C4251: 'Ogre::TextAreaOverlayElement::mFont': class 'Ogre::SharedPtr<Ogre::Font>' needs to have dll-interface to be used by clients of class 'Ogre::TextAreaOverlayElement'
C:\GameEngineDevelopment\ogre-sdk-v2.1\Components\Overlay\Include\OgreFont.h(423): message : see declaration of 'Ogre::SharedPtr<Ogre::Font>'
C:\GameEngineDevelopment\ogre-sdk-v2.1\OgreMain\Include\OgreTimer.h(41,47): warning C4251: 'Ogre::Timer::start': class 'std::chrono::time_point<std::chrono::steady_clock,std::chrono::nanoseconds>' needs to have dll-interface to be used by clients of class 'Ogre::Timer'
C:\Program Files (x86)\Microsoft Visual Studio\2019\Community\VC\Tools\MSVC\14.29.30133\include\chrono(701): message : see declaration of 'std::chrono::time_point<std::chrono::steady_clock,std::chrono::nanoseconds>'
C:\GameEngineDevelopment\ogre-sdk-v2.1\OgreMain\Include\OgreRay.h(48,17): warning C4251: 'Ogre::Ray::mOrigin': class 'Ogre::Vector<3,Ogre::Real>' needs to have dll-interface to be used by clients of class 'Ogre::Ray'
C:\GameEngineDevelopment\ogre-sdk-v2.1\OgreMain\Include\OgrePrerequisites.h(254): message : see declaration of 'Ogre::Vector<3,Ogre::Real>'
C:\GameEngineDevelopment\ogre-sdk-v2.1\OgreMain\Include\OgreRay.h(49,17): warning C4251: 'Ogre::Ray::mDirection': class 'Ogre::Vector<3,Ogre::Real>' needs to have dll-interface to be used by clients of class 'Ogre::Ray'
C:\GameEngineDevelopment\ogre-sdk-v2.1\OgreMain\Include\OgrePrerequisites.h(254): message : see declaration of 'Ogre::Vector<3,Ogre::Real>'
C:\GameEngineDevelopment\ogre-sdk-v2.1\OgreMain\Include\OgreAutoParamDataSource.h(73,25): warning C4251: 'Ogre::AutoParamDataSource::mCameraPosition': class 'Ogre::Vector<4,Ogre::Real>' needs to have dll-interface to be used by clients of class 'Ogre::AutoParamDataSource'
C:\GameEngineDevelopment\ogre-sdk-v2.1\OgreMain\Include\OgrePrerequisites.h(256): message : see declaration of 'Ogre::Vector<4,Ogre::Real>'
C:\GameEngineDevelopment\ogre-sdk-v2.1\OgreMain\Include\OgreAutoParamDataSource.h(74,25): warning C4251: 'Ogre::AutoParamDataSource::mCameraPositionObjectSpace': class 'Ogre::Vector<4,Ogre::Real>' needs to have dll-interface to be used by clients of class 'Ogre::AutoParamDataSource'
C:\GameEngineDevelopment\ogre-sdk-v2.1\OgreMain\Include\OgrePrerequisites.h(256): message : see declaration of 'Ogre::Vector<4,Ogre::Real>'
C:\GameEngineDevelopment\ogre-sdk-v2.1\OgreMain\Include\OgreAutoParamDataSource.h(79,25): warning C4251: 'Ogre::AutoParamDataSource::mShadowCamDepthRanges': class 'Ogre::Vector<4,Ogre::Real>' needs to have dll-interface to be used by clients of class 'Ogre::AutoParamDataSource'
C:\GameEngineDevelopment\ogre-sdk-v2.1\OgreMain\Include\OgrePrerequisites.h(256): message : see declaration of 'Ogre::Vector<4,Ogre::Real>'
C:\GameEngineDevelopment\ogre-sdk-v2.1\OgreMain\Include\OgreAutoParamDataSource.h(84,25): warning C4251: 'Ogre::AutoParamDataSource::mLodCameraPosition': class 'Ogre::Vector<4,Ogre::Real>' needs to have dll-interface to be used by clients of class 'Ogre::AutoParamDataSource'
C:\GameEngineDevelopment\ogre-sdk-v2.1\OgreMain\Include\OgrePrerequisites.h(256): message : see declaration of 'Ogre::Vector<4,Ogre::Real>'
C:\GameEngineDevelopment\ogre-sdk-v2.1\OgreMain\Include\OgreAutoParamDataSource.h(85,25): warning C4251: 'Ogre::AutoParamDataSource::mLodCameraPositionObjectSpace': class 'Ogre::Vector<4,Ogre::Real>' needs to have dll-interface to be used by clients of class 'Ogre::AutoParamDataSource'
C:\GameEngineDevelopment\ogre-sdk-v2.1\OgreMain\Include\OgrePrerequisites.h(256): message : see declaration of 'Ogre::Vector<4,Ogre::Real>'
C:\GameEngineDevelopment\ogre-sdk-v2.1\OgreMain\Include\OgreAutoParamDataSource.h(107,17): warning C4251: 'Ogre::AutoParamDataSource::mFogParams': class 'Ogre::Vector<4,Ogre::Real>' needs to have dll-interface to be used by clients of class 'Ogre::AutoParamDataSource'
C:\GameEngineDevelopment\ogre-sdk-v2.1\OgreMain\Include\OgrePrerequisites.h(256): message : see declaration of 'Ogre::Vector<4,Ogre::Real>'
C:\GameEngineDevelopment\ogre-sdk-v2.1\OgreMain\Include\OgreAutoParamDataSource.h(108,18): warning C4251: 'Ogre::AutoParamDataSource::mPointParams': class 'Ogre::Vector<4,Ogre::Real>' needs to have dll-interface to be used by clients of class 'Ogre::AutoParamDataSource'
C:\GameEngineDevelopment\ogre-sdk-v2.1\OgreMain\Include\OgrePrerequisites.h(256): message : see declaration of 'Ogre::Vector<4,Ogre::Real>'
C:\GameEngineDevelopment\ogre-sdk-v2.1\OgreMain\Include\OgreAutoParamDataSource.h(110,25): warning C4251: 'Ogre::AutoParamDataSource::mSceneDepthRange': class 'Ogre::Vector<4,Ogre::Real>' needs to have dll-interface to be used by clients of class 'Ogre::AutoParamDataSource'
C:\GameEngineDevelopment\ogre-sdk-v2.1\OgreMain\Include\OgrePrerequisites.h(256): message : see declaration of 'Ogre::Vector<4,Ogre::Real>'
C:\GameEngineDevelopment\ogre-sdk-v2.1\OgreMain\Include\OgreAutoParamDataSource.h(118,17): warning C4251: 'Ogre::AutoParamDataSource::mCameraRelativePosition': class 'Ogre::Vector<3,Ogre::Real>' needs to have dll-interface to be used by clients of class 'Ogre::AutoParamDataSource'
C:\GameEngineDevelopment\ogre-sdk-v2.1\OgreMain\Include\OgrePrerequisites.h(254): message : see declaration of 'Ogre::Vector<3,Ogre::Real>'
C:\GameEngineDevelopment\ogre-sdk-v2.1\Components\Bites\Include\OgreTrays.h(335,28): warning C4251: 'OgreBites::TextBox::mLines': class 'std::vector<Ogre::String,std::allocator<Ogre::String>>' needs to have dll-interface to be used by clients of class 'OgreBites::TextBox'
C:\GameEngineDevelopment\ogre-sdk-v2.1\OgreMain\Include\OgreString.h(107): message : see declaration of 'std::vector<Ogre::String,std::allocator<Ogre::String>>'
C:\GameEngineDevelopment\ogre-sdk-v2.1\Components\Bites\Include\OgreTrays.h(441,55): warning C4251: 'OgreBites::SelectMenu::mItemElements': class 'std::vector<Ogre::BorderPanelOverlayElement *,std::allocator<Ogre::BorderPanelOverlayElement *>>' needs to have dll-interface to be used by clients of class 'OgreBites::SelectMenu'
C:\GameEngineDevelopment\ogre-sdk-v2.1\Components\Bites\Include\OgreTrays.h(441): message : see declaration of 'std::vector<Ogre::BorderPanelOverlayElement *,std::allocator<Ogre::BorderPanelOverlayElement *>>'
C:\GameEngineDevelopment\ogre-sdk-v2.1\Components\Bites\Include\OgreTrays.h(448,28): warning C4251: 'OgreBites::SelectMenu::mItems': class 'std::vector<Ogre::String,std::allocator<Ogre::String>>' needs to have dll-interface to be used by clients of class 'OgreBites::SelectMenu'
C:\GameEngineDevelopment\ogre-sdk-v2.1\OgreMain\Include\OgreString.h(107): message : see declaration of 'std::vector<Ogre::String,std::allocator<Ogre::String>>'
C:\GameEngineDevelopment\ogre-sdk-v2.1\Components\Bites\Include\OgreTrays.h(629,28): warning C4251: 'OgreBites::ParamsPanel::mNames': class 'std::vector<Ogre::String,std::allocator<Ogre::String>>' needs to have dll-interface to be used by clients of class 'OgreBites::ParamsPanel'
C:\GameEngineDevelopment\ogre-sdk-v2.1\OgreMain\Include\OgreString.h(107): message : see declaration of 'std::vector<Ogre::String,std::allocator<Ogre::String>>'
C:\GameEngineDevelopment\ogre-sdk-v2.1\Components\Bites\Include\OgreTrays.h(630,28): warning C4251: 'OgreBites::ParamsPanel::mValues': class 'std::vector<Ogre::String,std::allocator<Ogre::String>>' needs to have dll-interface to be used by clients of class 'OgreBites::ParamsPanel'
C:\GameEngineDevelopment\ogre-sdk-v2.1\OgreMain\Include\OgreString.h(107): message : see declaration of 'std::vector<Ogre::String,std::allocator<Ogre::String>>'
C:\GameEngineDevelopment\ogre-sdk-v2.1\Components\Bites\Include\OgreTrays.h(1165,22): warning C4251: 'OgreBites::TrayManager::mName': class 'std::basic_string<char,std::char_traits<char>,std::allocator<char>>' needs to have dll-interface to be used by clients of class 'OgreBites::TrayManager'
C:\Program Files (x86)\Microsoft Visual Studio\2019\Community\VC\Tools\MSVC\14.29.30133\include\xstring(4905): message : see declaration of 'std::basic_string<char,std::char_traits<char>,std::allocator<char>>'
C:\GameEngineDevelopment\ogre-sdk-v2.1\Components\Bites\Include\OgreTrays.h(1173,20): warning C4251: 'OgreBites::TrayManager::mWidgets': class 'std::vector<OgreBites::Widget *,std::allocator<OgreBites::Widget *>>' needs to have dll-interface to be used by clients of class 'OgreBites::TrayManager'
C:\GameEngineDevelopment\ogre-sdk-v2.1\Components\Bites\Include\OgreTrays.h(189): message : see declaration of 'std::vector<OgreBites::Widget *,std::allocator<OgreBites::Widget *>>'
C:\GameEngineDevelopment\ogre-sdk-v2.1\Components\Bites\Include\OgreTrays.h(1174,20): warning C4251: 'OgreBites::TrayManager::mWidgetDeathRow': class 'std::vector<OgreBites::Widget *,std::allocator<OgreBites::Widget *>>' needs to have dll-interface to be used by clients of class 'OgreBites::TrayManager'
C:\GameEngineDevelopment\ogre-sdk-v2.1\Components\Bites\Include\OgreTrays.h(189): message : see declaration of 'std::vector<OgreBites::Widget *,std::allocator<OgreBites::Widget *>>'
C:\GameEngineDevelopment\ogre-sdk-v2.1\Components\Bites\Include\OgreTrays.h(1198,23): warning C4251: 'OgreBites::TrayManager::mCursorPos': class 'Ogre::Vector<2,Ogre::Real>' needs to have dll-interface to be used by clients of class 'OgreBites::TrayManager'
C:\GameEngineDevelopment\ogre-sdk-v2.1\OgreMain\Include\OgrePrerequisites.h(252): message : see declaration of 'Ogre::Vector<2,Ogre::Real>'
C:\GameEngineDevelopment\ogre-sdk-v2.1\OgreMain\Include\OgreBone.h(140,17): warning C4251: 'Ogre::Bone::mBindDerivedInverseScale': class 'Ogre::Vector<3,Ogre::Real>' needs to have dll-interface to be used by clients of class 'Ogre::Bone'
C:\GameEngineDevelopment\ogre-sdk-v2.1\OgreMain\Include\OgrePrerequisites.h(254): message : see declaration of 'Ogre::Vector<3,Ogre::Real>'
C:\GameEngineDevelopment\ogre-sdk-v2.1\OgreMain\Include\OgreBone.h(144,17): warning C4251: 'Ogre::Bone::mBindDerivedInversePosition': class 'Ogre::Vector<3,Ogre::Real>' needs to have dll-interface to be used by clients of class 'Ogre::Bone'
C:\GameEngineDevelopment\ogre-sdk-v2.1\OgreMain\Include\OgrePrerequisites.h(254): message : see declaration of 'Ogre::Vector<3,Ogre::Real>'
C:\GameEngineDevelopment\ogre-sdk-v2.1\OgreMain\Include\OgreTextureManager.h(436,20): warning C4251: 'Ogre::TextureManager::mWarningTexture': class 'Ogre::SharedPtr<Ogre::Texture>' needs to have dll-interface to be used by clients of class 'Ogre::TextureManager'
C:\GameEngineDevelopment\ogre-sdk-v2.1\OgreMain\Include\OgrePrerequisites.h(303): message : see declaration of 'Ogre::SharedPtr<Ogre::Texture>'
C:\GameEngineDevelopment\ogre-sdk-v2.1\OgreMain\Include\OgreTextureManager.h(437,20): warning C4251: 'Ogre::TextureManager::mDefaultSampler': class 'std::shared_ptr<Ogre::Sampler>' needs to have dll-interface to be used by clients of class 'Ogre::TextureManager'
C:\GameEngineDevelopment\ogre-sdk-v2.1\OgreMain\Include\OgreTextureUnitState.h(222): message : see declaration of 'std::shared_ptr<Ogre::Sampler>'
C:\GameEngineDevelopment\ogre-sdk-v2.1\OgreMain\Include\OgreTextureManager.h(438,38): warning C4251: 'Ogre::TextureManager::mNamedSamplers': class 'std::map<Ogre::String,Ogre::SamplerPtr,std::less<Ogre::String>,std::allocator<std::pair<const Ogre::String,Ogre::SamplerPtr>>>' needs to have dll-interface to be used by clients of class 'Ogre::TextureManager'
C:\GameEngineDevelopment\ogre-sdk-v2.1\OgreMain\Include\OgreTextureManager.h(438): message : see declaration of 'std::map<Ogre::String,Ogre::SamplerPtr,std::less<Ogre::String>,std::allocator<std::pair<const Ogre::String,Ogre::SamplerPtr>>>'
  Generating Code...
  OrgreTemplateV2.vcxproj -> D:\Game Programming F2021\Game Engine Development\GAME3121_A2\OrgreTemplateV2\x64\Debug\OrgreTemplateV2.exe
